生成启动时间为 2020/8/8 22:57:56。
     1>项目“F:\0Research\Loop with NURBS boundary\subdivision\test\CCSubMain\CCSubMain\CCSubMain.vcxproj”在节点 2 上(build 个目标)。
     1>InitializeBuildStatus:
         正在创建“Release\CCSubMain.unsuccessfulbuild”，因为已指定“AlwaysCreate”。
       ClCompile:
         所有输出均为最新。
         D:\Program Files (x86)\Microsoft Visual Studio 10.0\VC\bin\CL.exe /c /Zi /nologo /W3 /WX- /O2 /Oi /Oy- /GL /D WIN32 /D NDEBUG /D _CONSOLE /D _UNICODE /D UNICODE /Gm- /EHsc /MD /GS /Gy /fp:precise /Zc:wchar_t /Zc:forScope /Yu"StdAfx.h" /Fp"Release\CCSubMain.pch" /Fo"Release\\" /Fd"Release\vc100.pdb" /Gd /TP /analyze- /errorReport:prompt CCSubMain.cpp
         CCSubMain.cpp
     1>f:\0research\loop with nurbs boundary\subdivision\test\ccsubmain\ccsubmain\data_io.h(77): warning C4018: “<=”: 有符号/无符号不匹配
     1>f:\0research\loop with nurbs boundary\subdivision\test\ccsubmain\ccsubmain\data_io.h(77): warning C4018: “<=”: 有符号/无符号不匹配
     1>f:\0research\loop with nurbs boundary\subdivision\test\ccsubmain\ccsubmain\data_io.h(77): warning C4018: “<=”: 有符号/无符号不匹配
     1>f:\0research\loop with nurbs boundary\subdivision\test\ccsubmain\ccsubmain\data_io.h(77): warning C4018: “<=”: 有符号/无符号不匹配
     1>CCSubMain.cpp(28): warning C4018: “<”: 有符号/无符号不匹配
     1>CCSubMain.cpp(31): warning C4018: “<”: 有符号/无符号不匹配
       Link:
         D:\Program Files (x86)\Microsoft Visual Studio 10.0\VC\bin\link.exe /ERRORREPORT:PROMPT /OUT:"F:\0Research\Loop with NURBS boundary\subdivision\test\CCSubMain\Release\CCSubMain.exe" /INCREMENTAL:NO /NOLOGO kernel32.lib user32.lib gdi32.lib winspool.lib comdlg32.lib advapi32.lib shell32.lib ole32.lib oleaut32.lib uuid.lib odbc32.lib odbccp32.lib /MANIFEST /ManifestFile:"Release\CCSubMain.exe.intermediate.manifest" /MANIFESTUAC:"level='asInvoker' uiAccess='false'" /DEBUG /PDB:"F:\0Research\Loop with NURBS boundary\subdivision\test\CCSubMain\Release\CCSubMain.pdb" /SUBSYSTEM:CONSOLE /OPT:REF /OPT:ICF /LTCG /TLBID:1 /DYNAMICBASE /NXCOMPAT /IMPLIB:"F:\0Research\Loop with NURBS boundary\subdivision\test\CCSubMain\Release\CCSubMain.lib" /MACHINE:X86 Release\CCSubMain.obj
         Release\QuadMesh.obj
         Release\stdafx.obj
         Release\StructDefs.obj
         正在生成代码
         已完成代码的生成
         CCSubMain.vcxproj -> F:\0Research\Loop with NURBS boundary\subdivision\test\CCSubMain\Release\CCSubMain.exe
       Manifest:
         C:\Program Files (x86)\Microsoft SDKs\Windows\v7.0A\bin\mt.exe /nologo /verbose /outputresource:"F:\0Research\Loop with NURBS boundary\subdivision\test\CCSubMain\Release\CCSubMain.exe;#1" /manifest Release\CCSubMain.exe.intermediate.manifest
       FinalizeBuildStatus:
         正在删除文件“Release\CCSubMain.unsuccessfulbuild”。
         正在对“Release\CCSubMain.lastbuildstate”执行 Touch 任务。
     1>已完成生成项目“F:\0Research\Loop with NURBS boundary\subdivision\test\CCSubMain\CCSubMain\CCSubMain.vcxproj”(build 个目标)的操作。

生成成功。

已用时间 00:00:01.09
