D:\0RESEARCH\LOOP WITH NURBS BOUNDARY\SUBDIVISION\TEST\CC\CCSUBMAIN\DEBUG\CCSUBMAIN.EXE.EMBED.MANIFEST
D:\0RESEARCH\LOOP WITH NURBS BOUNDARY\SUBDIVISION\TEST\CC\CCSUBMAIN\DEBUG\CCSUBMAIN.EXE.EMBED.MANIFEST.RES
D:\0RESEARCH\LOOP WITH NURBS BOUNDARY\SUBDIVISION\TEST\CC\CCSUBMAIN\DEBUG\CCSUBMAIN.EXE.INTERMEDIATE.MANIFEST
D:\0RESEARCH\LOOP WITH NURBS BOUNDARY\SUBDIVISION\TEST\CC\CCSUBMAIN\DEBUG\CCSUBMAIN.OBJ
D:\0RESEARCH\LOOP WITH NURBS BOUNDARY\SUBDIVISION\TEST\CC\CCSUBMAIN\DEBUG\CCSUBMAIN.PCH
D:\0Research\Loop with NURBS boundary\subdivision\test\CC\CCSubMain\Debug\CCSubMain.write.1.tlog
D:\0Research\Loop with NURBS boundary\subdivision\test\CC\CCSubMain\Debug\CCSubMain_manifest.rc
D:\0Research\Loop with NURBS boundary\subdivision\test\CC\CCSubMain\Debug\cl.command.1.tlog
D:\0Research\Loop with NURBS boundary\subdivision\test\CC\CCSubMain\Debug\CL.read.1.tlog
D:\0Research\Loop with NURBS boundary\subdivision\test\CC\CCSubMain\Debug\CL.write.1.tlog
D:\0Research\Loop with NURBS boundary\subdivision\test\CC\CCSubMain\Debug\link.18328.read.1.tlog
D:\0Research\Loop with NURBS boundary\subdivision\test\CC\CCSubMain\Debug\link.18328.write.1.tlog
D:\0Research\Loop with NURBS boundary\subdivision\test\CC\CCSubMain\Debug\link.18328-cvtres.read.1.tlog
D:\0Research\Loop with NURBS boundary\subdivision\test\CC\CCSubMain\Debug\link.18328-cvtres.write.1.tlog
D:\0Research\Loop with NURBS boundary\subdivision\test\CC\CCSubMain\Debug\link.2428.read.1.tlog
D:\0Research\Loop with NURBS boundary\subdivision\test\CC\CCSubMain\Debug\link.2428.write.1.tlog
D:\0Research\Loop with NURBS boundary\subdivision\test\CC\CCSubMain\Debug\link.2428-cvtres.read.1.tlog
D:\0Research\Loop with NURBS boundary\subdivision\test\CC\CCSubMain\Debug\link.2428-cvtres.write.1.tlog
D:\0Research\Loop with NURBS boundary\subdivision\test\CC\CCSubMain\Debug\link.command.1.tlog
D:\0Research\Loop with NURBS boundary\subdivision\test\CC\CCSubMain\Debug\link.read.1.tlog
D:\0Research\Loop with NURBS boundary\subdivision\test\CC\CCSubMain\Debug\link.write.1.tlog
D:\0Research\Loop with NURBS boundary\subdivision\test\CC\CCSubMain\Debug\link-cvtres.read.1.tlog
D:\0Research\Loop with NURBS boundary\subdivision\test\CC\CCSubMain\Debug\link-cvtres.write.1.tlog
D:\0Research\Loop with NURBS boundary\subdivision\test\CC\CCSubMain\Debug\mt.command.1.tlog
D:\0Research\Loop with NURBS boundary\subdivision\test\CC\CCSubMain\Debug\mt.read.1.tlog
D:\0Research\Loop with NURBS boundary\subdivision\test\CC\CCSubMain\Debug\mt.write.1.tlog
D:\0RESEARCH\LOOP WITH NURBS BOUNDARY\SUBDIVISION\TEST\CC\CCSUBMAIN\DEBUG\QUADMESH.OBJ
D:\0Research\Loop with NURBS boundary\subdivision\test\CC\CCSubMain\Debug\rc.command.1.tlog
D:\0Research\Loop with NURBS boundary\subdivision\test\CC\CCSubMain\Debug\rc.read.1.tlog
D:\0Research\Loop with NURBS boundary\subdivision\test\CC\CCSubMain\Debug\rc.write.1.tlog
D:\0RESEARCH\LOOP WITH NURBS BOUNDARY\SUBDIVISION\TEST\CC\CCSUBMAIN\DEBUG\STDAFX.OBJ
D:\0RESEARCH\LOOP WITH NURBS BOUNDARY\SUBDIVISION\TEST\CC\CCSUBMAIN\DEBUG\STRUCTDEFS.OBJ
D:\0Research\Loop with NURBS boundary\subdivision\test\CC\CCSubMain\Debug\vc100.idb
D:\0RESEARCH\LOOP WITH NURBS BOUNDARY\SUBDIVISION\TEST\CC\CCSUBMAIN\DEBUG\VC100.PDB
D:\0RESEARCH\LOOP WITH NURBS BOUNDARY\SUBDIVISION\TEST\CC\DEBUG\CCSUBMAIN.EXE
D:\0RESEARCH\LOOP WITH NURBS BOUNDARY\SUBDIVISION\TEST\CC\DEBUG\CCSUBMAIN.ILK
D:\0RESEARCH\LOOP WITH NURBS BOUNDARY\SUBDIVISION\TEST\CC\DEBUG\CCSUBMAIN.PDB
